                                                         --INPUT DATA--

     TITLE--  NACA 2412                                                                       

     ITER =  80   IPLOT =  0   IPUNCH =  1   IOP =  0   ICAMTK =  1   IBAD =  1   ITRN =  1   INTR =  2

     NU =  21

     XU=  -0.369000E-03   0.458100E-02   0.175880E-01   0.400060E-01   0.774110E-01   0.142191E+00   0.240686E+00   0.357534E+00
           0.480782E+00   0.606652E+00   0.733793E+00   0.862288E+00   0.992331E+00   0.112258E+01   0.125271E+01   0.138255E+01
           0.151194E+01   0.164072E+01   0.176848E+01   0.189064E+01   0.197005E+01

     YU=  -0.285200E-02   0.119010E-01   0.261140E-01   0.396940E-01   0.534500E-01   0.670480E-01   0.760530E-01   0.762640E-01
           0.680340E-01   0.526750E-01   0.312170E-01   0.434800E-02  -0.266340E-01  -0.607730E-01  -0.976520E-01  -0.136978E+00
          -0.178545E+00  -0.222220E+00  -0.267858E+00  -0.313738E+00  -0.344815E+00

     WU=   0.100000E+01   0.100000E+01   0.100000E+01   0.100000E+01   0.100000E+01   0.100000E+01   0.100000E+01   0.100000E+01
           0.100000E+01   0.100000E+01   0.100000E+01   0.100000E+01   0.100000E+01   0.100000E+01   0.100000E+01   0.100000E+01
           0.100000E+01   0.100000E+01   0.100000E+01   0.100000E+01   0.100000E+01

     NL =  20

     XL=  -0.369000E-03   0.256300E-02   0.145180E-01   0.368910E-01   0.764240E-01   0.147829E+00   0.254968E+00   0.379576E+00
           0.510984E+00   0.645914E+00   0.782617E+00   0.919141E+00   0.105649E+01   0.119461E+01   0.133326E+01   0.147220E+01
           0.161124E+01   0.174998E+01   0.188325E+01   0.196918E+01

     YL=  -0.285200E-02  -0.189110E-01  -0.354840E-01  -0.528780E-01  -0.733630E-01  -0.992830E-01  -0.127539E+00  -0.152991E+00
          -0.175346E+00  -0.195690E+00  -0.214922E+00  -0.232880E+00  -0.249712E+00  -0.265830E+00  -0.281499E+00  -0.296882E+00
          -0.312045E+00  -0.326944E+00  -0.340961E+00  -0.349778E+00

     WL=   0.100000E+01   0.100000E+01   0.100000E+01   0.100000E+01   0.100000E+01   0.100000E+01   0.100000E+01   0.100000E+01
           0.100000E+01   0.100000E+01   0.100000E+01   0.100000E+01   0.100000E+01   0.100000E+01   0.100000E+01   0.100000E+01
           0.100000E+01   0.100000E+01   0.100000E+01   0.100000E+01

   NINT = 100

   XINT=   0.000000E+00   0.252000E-03   0.100700E-02   0.226400E-02   0.402300E-02   0.628100E-02   0.903600E-02   0.122850E-01
           0.160260E-01   0.202540E-01   0.249640E-01   0.301540E-01   0.358160E-01   0.419460E-01   0.485370E-01   0.555820E-01
           0.630750E-01   0.710080E-01   0.793730E-01   0.881620E-01   0.973650E-01   0.106973E+00   0.116978E+00   0.127368E+00
           0.138133E+00   0.149263E+00   0.160745E+00   0.172570E+00   0.184724E+00   0.197195E+00   0.209972E+00   0.223040E+00
           0.236387E+00   0.250000E+00   0.263864E+00   0.277967E+00   0.292292E+00   0.306827E+00   0.321557E+00   0.336466E+00
           0.351540E+00   0.366763E+00   0.382121E+00   0.397597E+00   0.413176E+00   0.428843E+00   0.444581E+00   0.460375E+00
           0.476209E+00   0.492067E+00   0.507933E+00   0.523791E+00   0.539625E+00   0.555419E+00   0.571157E+00   0.586824E+00
           0.602403E+00   0.617879E+00   0.633237E+00   0.648460E+00   0.663534E+00   0.678443E+00   0.693173E+00   0.707708E+00
           0.722033E+00   0.736136E+00   0.750000E+00   0.763613E+00   0.776960E+00   0.790028E+00   0.802805E+00   0.815276E+00
           0.827430E+00   0.839255E+00   0.850737E+00   0.861867E+00   0.872632E+00   0.883022E+00   0.893027E+00   0.902635E+00
           0.911838E+00   0.920627E+00   0.928992E+00   0.936925E+00   0.944418E+00   0.951463E+00   0.958054E+00   0.964184E+00
           0.969846E+00   0.975036E+00   0.979746E+00   0.983974E+00   0.987715E+00   0.990964E+00   0.993719E+00   0.995977E+00
           0.997736E+00   0.998993E+00   0.999748E+00   0.100000E+01

   CNEW =     1.000
1                                --INPUT COORDINATES--

     TITLE--  NACA 2412                                                                       

         I           XU             YU             XL             YL
         1      -0.000369      -0.002852      -0.000369      -0.002852
         2       0.004581       0.011901       0.002563      -0.018911
         3       0.017588       0.026114       0.014518      -0.035484
         4       0.040006       0.039694       0.036891      -0.052878
         5       0.077411       0.053450       0.076424      -0.073363
         6       0.142191       0.067048       0.147829      -0.099283
         7       0.240686       0.076053       0.254968      -0.127539
         8       0.357534       0.076264       0.379576      -0.152991
         9       0.480782       0.068034       0.510984      -0.175346
        10       0.606652       0.052675       0.645914      -0.195690
        11       0.733793       0.031217       0.782617      -0.214922
        12       0.862288       0.004348       0.919141      -0.232880
        13       0.992331      -0.026634       1.056490      -0.249712
        14       1.122575      -0.060773       1.194613      -0.265830
        15       1.252708      -0.097652       1.333256      -0.281499
        16       1.382551      -0.136978       1.472199      -0.296882
        17       1.511944      -0.178545       1.611241      -0.312045
        18       1.640717      -0.222220       1.749978      -0.326944
        19       1.768483      -0.267858       1.883249      -0.340961
        20       1.890639      -0.313738       1.969178      -0.349778
        21       1.970053      -0.344815

1                     --TRANSLATED AND ROTATED COORDINATES--

     TITLE--  NACA 2412                                                                       

         I           XU             YU             XL             YL
         1       0.000000       0.000000       0.000000       0.000000
         2       0.002335       0.015385       0.005654      -0.015314
         3       0.012700       0.031626       0.020285      -0.029580
         4       0.032444       0.048864       0.045319      -0.042861
         5       0.066921       0.068857       0.087790      -0.056231
         6       0.128390       0.093409       0.162592      -0.069465
         7       0.223863       0.119244       0.272997      -0.078846
         8       0.338928       0.139577       0.400126      -0.082456
         9       0.461752       0.152697       0.533421      -0.081844
        10       0.588386       0.159247       0.669838      -0.078645
        11       0.717323       0.160007       0.807811      -0.074045
        12       0.848526       0.155671       0.945388      -0.068220
        13       0.981961       0.147550       1.083583      -0.061145
        14       1.116139       0.136353       1.222418      -0.053232
        15       1.250679       0.122438       1.361688      -0.044788
        16       1.385355       0.106063       1.501204      -0.036011
        17       1.519973       0.087403       1.640780      -0.026999
        18       1.654344       0.066560       1.780010      -0.017781
        19       1.788061       0.043610       1.913703      -0.008634
        20       1.916294       0.019455       1.999867      -0.002520
        21       1.999874       0.002520

     XNOSE =      -0.000369     YNOSE =      -0.002852     ANGLE =  -9.918
1                             --SUMMARY OF INPUT DATA--

     TITLE--  NACA 2412                                                                       

         I          X/C            Y/C            THETA          YPS            YPPS              W
         1       0.999996      -0.001260        -180.00                                         1.00
         2       0.956912      -0.004317        -167.86                                         1.00
         3       0.890061      -0.008891        -152.57                                         1.00
         4       0.820442      -0.013501        -139.49                                         1.00
         5       0.750649      -0.018006        -128.19                                         1.00
         6       0.680887      -0.022395        -118.06                                         1.00
         7       0.611248      -0.026618        -108.71                                         1.00
         8       0.541826      -0.030574         -99.84                                         1.00
         9       0.472724      -0.034112         -91.23                                         1.00
        10       0.403931      -0.037025         -82.69                                         1.00
        11       0.334940      -0.039325         -73.96                                         1.00
        12       0.266727      -0.040925         -64.94                                         1.00
        13       0.200076      -0.041231         -55.41                                         1.00
        14       0.136507      -0.039426         -45.17                                         1.00
        15       0.081301      -0.034735         -34.48                                         1.00
        16       0.043898      -0.028117         -25.16                                         1.00
        17       0.022661      -0.021432         -18.00                                         1.00
        18       0.010143      -0.014791         -12.02                                         1.00
        19       0.002827      -0.007657          -6.34                                         1.00
        20       0.000000       0.000000          -0.00                                         1.00
        21       0.001168       0.007693           4.07                                         1.00
        22       0.006350       0.015814           9.50                                         1.00
        23       0.016223       0.024434          15.22                                         1.00
        24       0.033462       0.034431          21.92                                         1.00
        25       0.064199       0.046707          30.54                                         1.00
        26       0.111938       0.059626          40.70                                         1.00
        27       0.169475       0.069793          50.67                                         1.00
        28       0.230890       0.076353          59.93                                         1.00
        29       0.294212       0.079628          68.64                                         1.00
        30       0.358684       0.080009          77.00                                         1.00
        31       0.424290       0.077840          85.23                                         1.00
        32       0.491012       0.073779          93.50                                         1.00
        33       0.558105       0.068181         101.89                                         1.00
        34       0.625379       0.061223         110.56                                         1.00
        35       0.692721       0.053035         119.72                                         1.00
        36       0.760035       0.043704         129.63                                         1.00
        37       0.827224       0.033282         140.67                                         1.00
        38       0.894087       0.021806         153.40                                         1.00
        39       0.958207       0.009728         168.19                                         1.00
        40       1.000000       0.001260         180.00                                         1.00

     CHORD =       1.999874
1 TITLE--  NACA 2412                                                                       

                              --SUM OF SQUARES GENERATED DURING SMOOTHING PROCESS--

     1   0.1592937   0.0016060   0.0000895   0.0000547   0.0000363   0.0000251   0.0000181   0.0000134   0.0000102   0.0000079

     2   0.0000063   0.0000051   0.0000041   0.0000034   0.0000028   0.0000024   0.0000020   0.0000018   0.0000015   0.0000013

     3   0.0000012   0.0000010   0.0000009

   SMOOTHING PROCESS CONVERGED AFTER  23 ITERATIONS

   SUM OF SQUARES FROM LEAST SQUARES CUBIC SPLINE SMOOTHING =  0.4000E-06

   ITERATION PROCEDURE TO COMPUTE INCREMENTAL ADJUSTMENT TO SECOND DERIVATIVE CONVERGED IN   2 ITERATIONS AND DELTA = -0.7475E-04
1 TITLE--  NACA 2412                                                                       

                                                --SMOOTHING OUTPUT SUMMARY--

    I     THETA     X/C       Y/C       YT/C     YSMO/C    DELTA       YPS      YPPS        DY/DX       D(DY/DX)/DX      CURVATURE
    1   -180.00  0.999996 -0.001260 -0.001259 -0.001259 -0.000001 -0.013904 -0.005157   0.753884E-01   0.223273E+00   0.221383E+00
    2   -167.86  0.956912 -0.004317 -0.004331 -0.004362  0.000045 -0.015567 -0.010530   0.697758E-01   0.624474E-01   0.619941E-01
    3   -152.57  0.890061 -0.008891 -0.008872 -0.008928  0.000037 -0.018788 -0.013610   0.673063E-01   0.176455E-01   0.175263E-01
    4   -139.49  0.820442 -0.013501 -0.013500 -0.013564  0.000064 -0.021822 -0.012976   0.658656E-01   0.205833E-01   0.204500E-01
    5   -128.19  0.750649 -0.018006 -0.018034 -0.018102  0.000095 -0.024097 -0.010097   0.640720E-01   0.278895E-01   0.277187E-01
    6   -118.06  0.680887 -0.022395 -0.022429 -0.022492  0.000097 -0.025437 -0.005064   0.616913E-01   0.381486E-01   0.379319E-01
    7   -108.71  0.611248 -0.026618 -0.026633 -0.026679  0.000061 -0.025608  0.002962   0.583116E-01   0.572321E-01   0.569414E-01
    8    -99.84  0.541826 -0.030574 -0.030545 -0.030569 -0.000006 -0.024389  0.012786   0.534801E-01   0.814160E-01   0.810680E-01
    9    -91.23  0.472724 -0.034112 -0.034040 -0.034056 -0.000056 -0.021859  0.020914   0.472453E-01   0.998964E-01   0.995628E-01
   10    -82.69  0.403931 -0.037025 -0.037034 -0.037055  0.000031 -0.018227  0.027840   0.397080E-01   0.121042E+00   0.120756E+00
   11    -73.96  0.334940 -0.039325 -0.039456 -0.039467  0.000142 -0.013154  0.038748   0.295741E-01   0.176762E+00   0.176531E+00
   12    -64.94  0.266727 -0.040925 -0.041023 -0.040999  0.000074 -0.005907  0.053223   0.140919E-01   0.287152E+00   0.287067E+00
   13    -55.41  0.200076 -0.041231 -0.041231 -0.041178 -0.000052  0.004152  0.067817  -0.108968E-01   0.486941E+00   0.486854E+00
   14    -45.17  0.136507 -0.039426 -0.039363 -0.039285 -0.000141  0.017405  0.080434  -0.530328E-01   0.907409E+00   0.903594E+00
   15    -34.48  0.081301 -0.034735 -0.034682 -0.034594 -0.000141  0.033128  0.088148  -0.126449E+00   0.198701E+01   0.194028E+01
   16    -25.16  0.043898 -0.028117 -0.028100 -0.028035 -0.000082  0.047503  0.088537  -0.241465E+00   0.490100E+01   0.450161E+01
   17    -18.00  0.022661 -0.021432 -0.021465 -0.021424 -0.000008  0.058323  0.084802  -0.407741E+00   0.129154E+02   0.102546E+02
   18    -12.02  0.010143 -0.014791 -0.014901 -0.014872  0.000081  0.067050  0.082238  -0.695833E+00   0.427779E+02   0.236585E+02
   19     -6.34  0.002827 -0.007657 -0.007849 -0.007819  0.000162  0.075201  0.082173  -0.147235E+01   0.291089E+03   0.516284E+02
   20     -0.00  0.000000  0.000000  0.000968  0.000968 -0.000968  0.083416  0.066381   0.100000E+99   0.100000E+99   0.665078E+02
   21      4.07  0.001168  0.007693  0.007099  0.007038  0.000655  0.087100  0.037311   0.265119E+01  -0.109931E+04   0.483216E+02
   22      9.50  0.006350  0.015814  0.015544  0.015406  0.000408  0.088850 -0.000388   0.116293E+01  -0.909995E+02   0.252214E+02
   23     15.22  0.016223  0.024434  0.024398  0.024232  0.000202  0.087852 -0.019623   0.723315E+00  -0.232254E+02   0.123548E+02
   24     21.92  0.033462  0.034431  0.034519  0.034346  0.000085  0.084672 -0.034711   0.490071E+00  -0.821082E+01   0.594518E+01
   25     30.54  0.064199  0.046707  0.046794  0.046612  0.000095  0.077916 -0.055125   0.331338E+00  -0.338508E+01   0.289541E+01
   26     40.70  0.111938  0.059626  0.059638  0.059426  0.000200  0.065809 -0.081401   0.218067E+00  -0.173383E+01   0.161712E+01
   27     50.67  0.169475  0.069793  0.069769  0.069519  0.000273  0.049506 -0.106011   0.138301E+00  -0.114390E+01   0.111185E+01
   28     59.93  0.230890  0.076353  0.076333  0.076063  0.000290  0.031035 -0.122593   0.774940E-01  -0.876376E+00   0.868540E+00
   29     68.64  0.294212  0.079628  0.079602  0.079350  0.000278  0.012110 -0.126395   0.280989E-01  -0.705966E+00   0.705131E+00
   30     77.00  0.358684  0.080009  0.080008  0.079802  0.000207 -0.005712 -0.117819  -0.126669E-01  -0.572975E+00   0.572837E+00
   31     85.23  0.424290  0.077840  0.077978  0.077832  0.000008 -0.021251 -0.098593  -0.460807E-01  -0.455234E+00   0.453788E+00
   32     93.50  0.491012  0.073779  0.073886  0.073827 -0.000047 -0.033660 -0.073376  -0.728701E-01  -0.353517E+00   0.350720E+00
   33    101.89  0.558105  0.068181  0.068195  0.068196 -0.000016 -0.042670 -0.049709  -0.941969E-01  -0.284779E+00   0.281030E+00
   34    110.56  0.625379  0.061223  0.061203  0.061236 -0.000013 -0.048852 -0.031976  -0.112433E+00  -0.258431E+00   0.253607E+00
   35    119.72  0.692721  0.053035  0.053024  0.053084 -0.000049 -0.052714 -0.016331  -0.129577E+00  -0.250513E+00   0.244334E+00
   36    129.63  0.760035  0.043704  0.043707  0.043794 -0.000090 -0.054259 -0.001535  -0.146431E+00  -0.247919E+00   0.240153E+00
   37    140.67  0.827224  0.033282  0.033284  0.033390 -0.000107 -0.053319  0.011289  -0.163289E+00  -0.248479E+00   0.238862E+00
   38    153.40  0.894087  0.021806  0.021800  0.021903 -0.000097 -0.049758  0.020780  -0.180337E+00  -0.251759E+00   0.239959E+00
   39    168.19  0.958207  0.009728  0.009732  0.009794 -0.000066 -0.043879  0.024764  -0.197687E+00  -0.278855E+00   0.263272E+00
   40    180.00  1.000000  0.001260  0.001260  0.001260  0.000000 -0.039005  0.022523  -0.211487E+00  -0.389553E+00   0.364807E+00

   LEADING-EDGE RADIUS/C=  0.015036

   DY/DX=0. AT X/C=  0.224921     Y/C= -0.041309     THETA=   -59.071

   DY/DX=0. AT X/C=  0.337242     Y/C=  0.079939     THETA=    74.257
1 TITLE--  NACA 2412                                                                       

            CHECK OF SMOOTHED COORDINATES   DF=  0.000100

         I     (YSMO/C-CHECK VALUE)       (YPPS-CHECK VALUE)

         1           -0.000000                -0.000636
         2            0.000001                -0.000362
         3           -0.000002                -0.000198
         4            0.000000                -0.000209
         5            0.000001                -0.000324
         6            0.000001                -0.000529
         7           -0.000000                -0.000239
         8           -0.000002                 0.000527
         9           -0.000001                 0.000430
        10            0.000002                -0.000721
        11            0.000002                -0.000682
        12            0.000001                -0.000063
        13            0.000001                 0.000175
        14           -0.000001                 0.000514
        15           -0.000002                 0.000854
        16            0.000001                 0.000332
        17            0.000003                -0.000830
        18           -0.000000                -0.000775
        19           -0.000005                 0.002660
        20           -0.000004                 0.004640
        21           -0.000001                 0.000470
        22            0.000004                -0.004176
        23            0.000008                -0.002645
        24            0.000004                -0.000242
        25           -0.000003                 0.000714
        26           -0.000003                 0.000315
        27            0.000002                -0.000784
        28            0.000005                -0.001793
        29            0.000002                -0.001434
        30            0.000001                -0.001235
        31            0.000001                -0.000745
        32           -0.000000                 0.000377
        33           -0.000003                 0.001219
        34           -0.000001                 0.000295
        35            0.000001                 0.000006
        36            0.000001                 0.000225
        37           -0.000000                 0.000454
        38           -0.000000                 0.000569
        39            0.000000                 0.000522
        40           -0.000000                 0.000364

     SUM OF SQUARES=  0.000000                 0.000070
1          THE FOLLOWING DATA HAVE BEEN PUNCHED     IPUNCH=   1

   NACA 2412                                                                       

   IOP =   0

   NU =  21

   DX =  0.000000  0.002335  0.012700  0.032444  0.066921  0.128390  0.223863  0.338928
         0.461752  0.588386  0.717323  0.848526  0.981961  1.116139  1.250679  1.385355
         1.519973  1.654344  1.788061  1.916294  1.999874

   DY =  0.001936  0.014075  0.030810  0.048461  0.068687  0.093218  0.118844  0.139030
         0.152117  0.158690  0.159593  0.155655  0.147644  0.136384  0.122464  0.106162
         0.087583  0.066775  0.043804  0.019587  0.002519

   NL =  20

   DX =  0.000000  0.005654  0.020285  0.045319  0.087790  0.162592  0.272997  0.400126
         0.533421  0.669838  0.807811  0.945388  1.083583  1.222418  1.361688  1.501204
         1.640780  1.780010  1.913703  1.999867

   DY =  0.001936 -0.015637 -0.029742 -0.042846 -0.056066 -0.069184 -0.078565 -0.082352
        -0.081993 -0.078929 -0.074106 -0.068108 -0.061133 -0.053354 -0.044982 -0.036201
        -0.027127 -0.017854 -0.008724 -0.002519
1 TITLE--  NACA 2412                                                                       

                                --THICKNESS AND CAMBER DISTRIBUTION--

    I     XU/C      YU/C      XL/C      YL/C      X/C       Y/C      T/C/2     SLOPE          ERROR
    1  1.000000  0.001260  0.999830 -0.001272  0.999915 -0.000006  0.001269   -3.8412       0.000895
    2  0.958207  0.009794  0.957320 -0.004334  0.957764  0.002730  0.007078   -3.5956       0.000030
    3  0.894087  0.021903  0.892380 -0.008772  0.893234  0.006566  0.015361   -3.1852       0.000012
    4  0.827224  0.033390  0.824983 -0.013265  0.826104  0.010062  0.023354   -2.7503       0.000006
    5  0.760035  0.043794  0.757538 -0.017660  0.758786  0.013067  0.030752   -2.3269       0.000001
    6  0.692721  0.053084  0.690212 -0.021916  0.691466  0.015584  0.037521   -1.9165       0.000003
    7  0.625379  0.061236  0.623064 -0.025986  0.624222  0.017625  0.043626   -1.5200       0.000000
    8  0.558105  0.068196  0.556176 -0.029793  0.557140  0.019202  0.049004   -1.1276       0.000002
    9  0.491012  0.073827  0.489733 -0.033238  0.490372  0.020294  0.053536   -0.6841       0.000001
   10  0.424290  0.077832  0.424061 -0.036232  0.424175  0.020800  0.057032   -0.1147       0.000001
   11  0.358684  0.079802  0.359929 -0.038675  0.359307  0.020563  0.059242    0.6020       0.000000
   12  0.294212  0.079350  0.297209 -0.040445  0.295710  0.019452  0.059916    1.4332       0.000000
   13  0.230890  0.076063  0.235670 -0.041287  0.233280  0.017388  0.058724    2.3321       0.000000
   14  0.169475  0.069519  0.175732 -0.040758  0.172603  0.014380  0.055228    3.2475       0.000000
   15  0.111938  0.059426  0.118989 -0.038207  0.115464  0.010609  0.048944    4.1306       0.000000
   16  0.064199  0.046612  0.071090 -0.033193  0.067644  0.006710  0.040051    4.9346       0.000002
   17  0.033462  0.034346  0.039517 -0.026928  0.036490  0.003709  0.030786    5.6429       0.000000
   18  0.016223  0.024232  0.021270 -0.020844  0.018746  0.001694  0.022679    6.3886       0.000003
   19  0.006350  0.015406  0.010255 -0.014950  0.008303  0.000228  0.015303    7.3306       0.000006
   20  0.001168  0.007038  0.003480 -0.008724  0.002324 -0.000843  0.007965    8.3446       0.000005
   21  0.000000  0.000968  0.000673 -0.003432  0.000337 -0.001232  0.002226    8.7012       0.000028
   22  0.000170 -0.001266  0.000170 -0.001266  0.000170 -0.001266  0.000000   11.3514       0.000000
  
1     TITLE--  NACA 2412                                                                       

                          --UPPER SURFACE INTERPOLATED COORDINATES--

         I          XU             YU           DY/DX      D(DY/DX)/DX      CURVATURE
         1       0.000000       0.000968   0.100000E+99   0.100000E+99   0.665078E+02
         2       0.000252       0.003755   0.559158E+01  -0.108646E+05   0.592791E+02
         3       0.001007       0.006597   0.284818E+01  -0.137035E+04   0.498197E+02
         4       0.002264       0.009481   0.192445E+01  -0.411428E+03   0.403331E+02
         5       0.004023       0.012397   0.145570E+01  -0.176601E+03   0.320594E+02
         6       0.006281       0.015325   0.116929E+01  -0.924499E+02   0.253831E+02
         7       0.009036       0.018256   0.975106E+00  -0.542189E+02   0.198985E+02
         8       0.012285       0.021179   0.834727E+00  -0.346699E+02   0.156862E+02
         9       0.016026       0.024089   0.727928E+00  -0.236354E+02   0.124904E+02
        10       0.020254       0.026979   0.643769E+00  -0.168276E+02   0.100034E+02
        11       0.024964       0.029842   0.575702E+00  -0.124530E+02   0.810581E+01
        12       0.030154       0.032677   0.519296E+00  -0.951264E+01   0.664914E+01
        13       0.035816       0.035477   0.471647E+00  -0.746558E+01   0.552352E+01
        14       0.041946       0.038238   0.430679E+00  -0.599660E+01   0.464581E+01
        15       0.048537       0.040955   0.394943E+00  -0.491218E+01   0.395229E+01
        16       0.055582       0.043623   0.363381E+00  -0.409375E+01   0.339880E+01
        17       0.063075       0.046237   0.335188E+00  -0.346408E+01   0.295274E+01
        18       0.071008       0.048793   0.309736E+00  -0.297728E+01   0.259503E+01
        19       0.079373       0.051284   0.286518E+00  -0.259172E+01   0.230246E+01
        20       0.088162       0.053707   0.265160E+00  -0.228180E+01   0.206069E+01
        21       0.097365       0.056054   0.245367E+00  -0.202998E+01   0.185955E+01
        22       0.106973       0.058321   0.226894E+00  -0.182342E+01   0.169116E+01
        23       0.116978       0.060503   0.209540E+00  -0.165142E+01   0.154833E+01
        24       0.127368       0.062594   0.193159E+00  -0.150714E+01   0.142656E+01
        25       0.138133       0.064588   0.177607E+00  -0.138631E+01   0.132321E+01
        26       0.149263       0.066482   0.162763E+00  -0.128465E+01   0.123524E+01
        27       0.160745       0.068268   0.148521E+00  -0.119884E+01   0.116024E+01
        28       0.172570       0.069942   0.134792E+00  -0.112368E+01   0.109373E+01
        29       0.184724       0.071499   0.121577E+00  -0.105310E+01   0.103017E+01
        30       0.197195       0.072935   0.108830E+00  -0.993051E+00   0.975666E+00
        31       0.209972       0.074246   0.964783E-01  -0.942000E+00   0.928999E+00
        32       0.223040       0.075427   0.844600E-01  -0.898714E+00   0.889182E+00
        33       0.236387       0.076476   0.727345E-01  -0.855696E+00   0.848950E+00
        34       0.250000       0.077388   0.614042E-01  -0.810218E+00   0.805657E+00
        35       0.263864       0.078163   0.504498E-01  -0.771167E+00   0.768233E+00
        36       0.277967       0.078799   0.398164E-01  -0.737767E+00   0.736016E+00
        37       0.292292       0.079295   0.294573E-01  -0.709389E+00   0.708466E+00
        38       0.306827       0.079649   0.194070E-01  -0.672725E+00   0.672346E+00
        39       0.321557       0.079863   0.975299E-02  -0.638904E+00   0.638813E+00
        40       0.336466       0.079939   0.452929E-03  -0.609410E+00   0.609410E+00
        41       0.351540       0.079877  -0.853529E-02  -0.583794E+00   0.583730E+00
        42       0.366763       0.079681  -0.172231E-01  -0.555139E+00   0.554892E+00
        43       0.382121       0.079352  -0.255062E-01  -0.524144E+00   0.523633E+00
        44       0.397597       0.078896  -0.333986E-01  -0.496339E+00   0.495509E+00
        45       0.413176       0.078316  -0.409330E-01  -0.471383E+00   0.470201E+00
        46       0.428843       0.077618  -0.481350E-01  -0.447091E+00   0.445541E+00
        47       0.444581       0.076806  -0.549590E-01  -0.420501E+00   0.418603E+00
        48       0.460375       0.075887  -0.614042E-01  -0.395988E+00   0.393759E+00
        49       0.476209       0.074866  -0.674923E-01  -0.373291E+00   0.370755E+00
        50       0.492067       0.073749  -0.732425E-01  -0.352295E+00   0.349479E+00
        51       0.507933       0.072544  -0.786900E-01  -0.334596E+00   0.331512E+00
        52       0.523791       0.071255  -0.838632E-01  -0.318010E+00   0.314684E+00
        53       0.539625       0.069887  -0.887733E-01  -0.302315E+00   0.298776E+00
        54       0.555419       0.068448  -0.934288E-01  -0.287289E+00   0.283568E+00
        55       0.571157       0.066943  -0.978763E-01  -0.279069E+00   0.275107E+00
        56       0.586824       0.065375  -0.102198E+00  -0.272708E+00   0.268491E+00
        57       0.602403       0.063750  -0.106400E+00  -0.266780E+00   0.262313E+00
        58       0.617879       0.062072  -0.110485E+00  -0.261131E+00   0.256421E+00
        59       0.633237       0.060345  -0.114460E+00  -0.257484E+00   0.252505E+00
        60       0.648460       0.058572  -0.118367E+00  -0.255775E+00   0.250492E+00
        61       0.663534       0.056759  -0.122210E+00  -0.254134E+00   0.248545E+00
        62       0.678443       0.054909  -0.125986E+00  -0.252413E+00   0.246520E+00
        63       0.693173       0.053026  -0.129690E+00  -0.250530E+00   0.244340E+00
        64       0.707708       0.051114  -0.133335E+00  -0.250955E+00   0.244408E+00
        65       0.722033       0.049179  -0.136931E+00  -0.251032E+00   0.244134E+00
        66       0.736136       0.047222  -0.140469E+00  -0.250580E+00   0.243343E+00
        67       0.750000       0.045251  -0.143936E+00  -0.249394E+00   0.241840E+00
        68       0.763613       0.043268  -0.147320E+00  -0.248598E+00   0.240720E+00
        69       0.776960       0.041280  -0.150653E+00  -0.250733E+00   0.242433E+00
        70       0.790028       0.039290  -0.153939E+00  -0.252027E+00   0.243326E+00
        71       0.802805       0.037302  -0.157162E+00  -0.252248E+00   0.243183E+00
        72       0.815276       0.035323  -0.160302E+00  -0.251141E+00   0.241762E+00
        73       0.827430       0.033356  -0.163340E+00  -0.248558E+00   0.238932E+00
        74       0.839255       0.031407  -0.166304E+00  -0.252677E+00   0.242546E+00
        75       0.850737       0.029481  -0.169224E+00  -0.255716E+00   0.245112E+00
        76       0.861867       0.027581  -0.172081E+00  -0.257449E+00   0.246423E+00
        77       0.872632       0.025714  -0.174855E+00  -0.257631E+00   0.246252E+00
        78       0.883022       0.023883  -0.177525E+00  -0.256003E+00   0.244361E+00
        79       0.893027       0.022095  -0.180070E+00  -0.252297E+00   0.240505E+00
        80       0.902635       0.020353  -0.182517E+00  -0.258229E+00   0.245843E+00
        81       0.911838       0.018662  -0.184923E+00  -0.264676E+00   0.251657E+00
        82       0.920627       0.017026  -0.187274E+00  -0.270141E+00   0.256528E+00
        83       0.928992       0.015450  -0.189553E+00  -0.274497E+00   0.260340E+00
        84       0.936925       0.013938  -0.191743E+00  -0.277629E+00   0.262993E+00
        85       0.944418       0.012493  -0.193831E+00  -0.279444E+00   0.264404E+00
        86       0.951463       0.011121  -0.195802E+00  -0.279876E+00   0.264519E+00
        87       0.958054       0.009824  -0.197645E+00  -0.278896E+00   0.263317E+00
        88       0.964184       0.008607  -0.199393E+00  -0.291971E+00   0.275386E+00
        89       0.969846       0.007474  -0.201083E+00  -0.305096E+00   0.287484E+00
        90       0.975036       0.006426  -0.202699E+00  -0.317779E+00   0.299154E+00
        91       0.979746       0.005468  -0.204224E+00  -0.329878E+00   0.310267E+00
        92       0.983974       0.004601  -0.205642E+00  -0.341257E+00   0.320700E+00
        93       0.987715       0.003830  -0.206939E+00  -0.351764E+00   0.330320E+00
        94       0.990964       0.003155  -0.208097E+00  -0.361247E+00   0.338991E+00
        95       0.993719       0.002581  -0.209103E+00  -0.369565E+00   0.346587E+00
        96       0.995977       0.002107  -0.209946E+00  -0.376581E+00   0.352988E+00
        97       0.997736       0.001738  -0.210613E+00  -0.382177E+00   0.358089E+00
        98       0.998993       0.001473  -0.211096E+00  -0.386248E+00   0.361797E+00
        99       0.999748       0.001313  -0.211389E+00  -0.388722E+00   0.364050E+00
       100       1.000000       0.001260  -0.211487E+00  -0.389553E+00   0.364807E+00

          CHORD =  1.000000
1     TITLE--  NACA 2412                                                                       

                          --LOWER SURFACE INTERPOLATED COORDINATES--

         I          XL             YL           DY/DX      D(DY/DX)/DX      CURVATURE
         1       0.000000       0.000968   0.100000E+99   0.100000E+99   0.665078E+02
         2       0.000252      -0.001748  -0.531414E+01   0.108460E+05   0.685961E+02
         3       0.001007      -0.004385  -0.258009E+01   0.136110E+04   0.642413E+02
         4       0.002264      -0.006939  -0.166553E+01   0.405443E+03   0.553007E+02
         5       0.004023      -0.009407  -0.120625E+01   0.171434E+03   0.445664E+02
         6       0.006281      -0.011785  -0.930880E+00   0.878344E+02   0.344437E+02
         7       0.009036      -0.014074  -0.747461E+00   0.508816E+02   0.261468E+02
         8       0.012285      -0.016274  -0.616517E+00   0.321310E+02   0.198181E+02
         9       0.016026      -0.018384  -0.518156E+00   0.216145E+02   0.151292E+02
        10       0.020254      -0.020403  -0.441516E+00   0.152574E+02   0.116805E+02
        11       0.024964      -0.022331  -0.380060E+00   0.111940E+02   0.914309E+01
        12       0.030154      -0.024166  -0.329571E+00   0.847561E+01   0.726103E+01
        13       0.035816      -0.025907  -0.287311E+00   0.658737E+01   0.584846E+01
        14       0.041946      -0.027554  -0.251349E+00   0.523455E+01   0.477498E+01
        15       0.048537      -0.029105  -0.220366E+00   0.422306E+01   0.393312E+01
        16       0.055582      -0.030560  -0.193465E+00   0.345738E+01   0.327197E+01
        17       0.063075      -0.031918  -0.169869E+00   0.287166E+01   0.275171E+01
        18       0.071008      -0.033180  -0.148985E+00   0.241617E+01   0.233790E+01
        19       0.079373      -0.034347  -0.130347E+00   0.205678E+01   0.200545E+01
        20       0.088162      -0.035417  -0.113636E+00   0.175622E+01   0.172274E+01
        21       0.097365      -0.036392  -0.986536E-01   0.151004E+01   0.148826E+01
        22       0.106973      -0.037273  -0.851486E-01   0.130920E+01   0.129509E+01
        23       0.116978      -0.038063  -0.729091E-01   0.114379E+01   0.113473E+01
        24       0.127368      -0.038761  -0.617646E-01   0.100645E+01   0.100072E+01
        25       0.138133      -0.039370  -0.515713E-01   0.890217E+00   0.886678E+00
        26       0.149263      -0.039891  -0.422665E-01   0.785293E+00   0.783193E+00
        27       0.160745      -0.040327  -0.337771E-01   0.696270E+00   0.695080E+00
        28       0.172570      -0.040679  -0.260069E-01   0.620257E+00   0.619629E+00
        29       0.184724      -0.040951  -0.188765E-01   0.554996E+00   0.554700E+00
        30       0.197195      -0.041145  -0.123163E-01   0.498668E+00   0.498555E+00
        31       0.209972      -0.041263  -0.628025E-02   0.446874E+00   0.446848E+00
        32       0.223040      -0.041308  -0.749048E-03   0.400838E+00   0.400838E+00
        33       0.236387      -0.041284   0.432457E-02   0.360423E+00   0.360413E+00
        34       0.250000      -0.041193   0.898259E-02   0.324769E+00   0.324730E+00
        35       0.263864      -0.041038   0.132612E-01   0.293168E+00   0.293090E+00
        36       0.277967      -0.040823   0.171895E-01   0.264423E+00   0.264306E+00
        37       0.292292      -0.040550   0.207882E-01   0.238530E+00   0.238376E+00
        38       0.306827      -0.040224   0.240825E-01   0.215212E+00   0.215025E+00
        39       0.321557      -0.039847   0.270942E-01   0.194101E+00   0.193887E+00
        40       0.336466      -0.039422   0.298426E-01   0.175235E+00   0.175001E+00
        41       0.351540      -0.038953   0.323749E-01   0.161002E+00   0.160749E+00
        42       0.366763      -0.038442   0.347255E-01   0.148037E+00   0.147770E+00
        43       0.382121      -0.037891   0.369065E-01   0.136169E+00   0.135891E+00
        44       0.397597      -0.037304   0.389281E-01   0.125249E+00   0.124964E+00
        45       0.413176      -0.036683   0.408107E-01   0.117527E+00   0.117234E+00
        46       0.428843      -0.036029   0.426086E-01   0.112102E+00   0.111798E+00
        47       0.444581      -0.035345   0.443340E-01   0.107257E+00   0.106941E+00
        48       0.460375      -0.034632   0.459932E-01   0.102935E+00   0.102610E+00
        49       0.476209      -0.033891   0.475916E-01   0.988189E-01   0.984841E-01
        50       0.492067      -0.033124   0.491212E-01   0.941588E-01   0.938190E-01
        51       0.507933      -0.032333   0.505805E-01   0.898381E-01   0.894945E-01
        52       0.523791      -0.031520   0.519727E-01   0.857880E-01   0.854416E-01
        53       0.539625      -0.030686   0.533004E-01   0.819395E-01   0.815916E-01
        54       0.555419      -0.029834   0.545559E-01   0.768638E-01   0.765219E-01
        55       0.571157      -0.028966   0.557240E-01   0.715651E-01   0.712331E-01
        56       0.586824      -0.028085   0.568031E-01   0.661643E-01   0.658454E-01
        57       0.602403      -0.027192   0.577906E-01   0.605612E-01   0.602591E-01
        58       0.617879      -0.026291   0.586864E-01   0.557844E-01   0.554975E-01
        59       0.633237      -0.025383   0.595161E-01   0.522175E-01   0.519413E-01
        60       0.648460      -0.024471   0.602818E-01   0.483034E-01   0.480413E-01
        61       0.663534      -0.023557   0.609777E-01   0.439418E-01   0.436979E-01
        62       0.678443      -0.022643   0.615970E-01   0.390225E-01   0.388015E-01
        63       0.693173      -0.021732   0.621545E-01   0.372013E-01   0.369868E-01
        64       0.707708      -0.020824   0.626849E-01   0.357071E-01   0.354977E-01
        65       0.722033      -0.019923   0.631830E-01   0.337463E-01   0.335452E-01
        66       0.736136      -0.019028   0.636419E-01   0.312296E-01   0.310409E-01
        67       0.750000      -0.018143   0.640538E-01   0.280576E-01   0.278858E-01
        68       0.763613      -0.017269   0.644328E-01   0.277140E-01   0.275423E-01
        69       0.776960      -0.016406   0.647991E-01   0.270965E-01   0.269267E-01
        70       0.790028      -0.015557   0.651464E-01   0.259648E-01   0.258003E-01
        71       0.802805      -0.014723   0.654679E-01   0.242383E-01   0.240833E-01
        72       0.815276      -0.013904   0.657559E-01   0.218283E-01   0.216874E-01
        73       0.827430      -0.013104   0.660110E-01   0.210129E-01   0.208763E-01
        74       0.839255      -0.012322   0.662625E-01   0.214793E-01   0.213386E-01
        75       0.850737      -0.011559   0.665100E-01   0.215567E-01   0.214145E-01
        76       0.861867      -0.010818   0.667484E-01   0.211974E-01   0.210566E-01
        77       0.872632      -0.010098   0.669725E-01   0.203508E-01   0.202147E-01
        78       0.883022      -0.009401   0.671773E-01   0.189644E-01   0.188368E-01
        79       0.893027      -0.008728   0.673606E-01   0.189885E-01   0.188600E-01
        80       0.902635      -0.008080   0.675649E-01   0.236103E-01   0.234496E-01
        81       0.911838      -0.007457   0.678043E-01   0.284861E-01   0.282908E-01
        82       0.920627      -0.006860   0.680769E-01   0.336347E-01   0.334023E-01
        83       0.928992      -0.006289   0.683806E-01   0.390689E-01   0.387965E-01
        84       0.936925      -0.005746   0.687128E-01   0.447949E-01   0.444795E-01
        85       0.944418      -0.005229   0.690706E-01   0.508093E-01   0.504479E-01
        86       0.951463      -0.004741   0.694503E-01   0.570966E-01   0.566860E-01
        87       0.958054      -0.004282   0.698486E-01   0.650683E-01   0.645950E-01
        88       0.964184      -0.003853   0.702930E-01   0.802286E-01   0.796376E-01
        89       0.969846      -0.003454   0.707911E-01   0.960520E-01   0.953345E-01
        90       0.975036      -0.003085   0.713311E-01   0.112326E+00   0.111474E+00
        91       0.979746      -0.002748   0.718982E-01   0.128765E+00   0.127773E+00
        92       0.983974      -0.002442   0.724765E-01   0.145053E+00   0.143917E+00
        93       0.987715      -0.002170   0.730482E-01   0.160813E+00   0.159535E+00
        94       0.990964      -0.001932   0.735945E-01   0.175636E+00   0.174219E+00
        95       0.993719      -0.001728   0.740967E-01   0.189108E+00   0.187562E+00
        96       0.995977      -0.001561   0.745368E-01   0.200816E+00   0.199154E+00
        97       0.997736      -0.001429   0.748984E-01   0.210380E+00   0.208622E+00
        98       0.998993      -0.001335   0.751673E-01   0.217463E+00   0.215633E+00
        99       0.999748      -0.001278   0.753331E-01   0.221821E+00   0.219946E+00
       100       0.999996      -0.001259   0.753884E-01   0.223273E+00   0.221383E+00
  




                                                -- THE LAST CASE HAS BEEN PROCESSED --
